[GFX1-]: vaapitest: ERROR
[GFX1-]: vaapitest: VA-API test failed: failed to initialise VAAPI connection.

ATTENTION: default value of option mesa_glthread overridden by environment.
ATTENTION: default value of option mesa_glthread overridden by environment.
[Parent 2560, Main Thread] WARNING: Failed to call GetIdletime(): GDBus.Error:org.freedesktop.DBus.Error.ServiceUnknown: The name org.gnome.Mutter.IdleMonitor was not provided by any .service files
: 'glib warning', file /build/firefox/src/firefox-120.0/toolkit/xre/nsSigHandlers.cpp:187

** (firefox:2560): WARNING **: 02:12:07.585: Failed to call GetIdletime(): GDBus.Error:org.freedesktop.DBus.Error.ServiceUnknown: The name org.gnome.Mutter.IdleMonitor was not provided by any .service files

Exiting due to channel error.
Exiting due to channel error.
Exiting due to channel error.
Exiting due to channel error.
Exiting due to channel error.
Exiting due to channel error.
Exiting due to channel error.
Exiting due to channel error.
Exiting due to channel error.
[GFX1-]: vaapitest: ERROR
[GFX1-]: vaapitest: VA-API test failed: failed to initialise VAAPI connection.

ATTENTION: default value of option mesa_glthread overridden by environment.
ATTENTION: default value of option mesa_glthread overridden by environment.
[Parent 4115, Main Thread] WARNING: Failed to call GetIdletime(): GDBus.Error:org.freedesktop.DBus.Error.ServiceUnknown: The name org.gnome.Mutter.IdleMonitor was not provided by any .service files
: 'glib warning', file /build/firefox/src/firefox-120.0/toolkit/xre/nsSigHandlers.cpp:187

** (firefox:4115): WARNING **: 02:30:36.840: Failed to call GetIdletime(): GDBus.Error:org.freedesktop.DBus.Error.ServiceUnknown: The name org.gnome.Mutter.IdleMonitor was not provided by any .service files

ATTENTION: default value of option mesa_glthread overridden by environment.
Exiting due to channel error.
Exiting due to channel error.
Exiting due to channel error.
Exiting due to channel error.
Exiting due to channel error.
Exiting due to channel error.
Exiting due to channel error.
Exiting due to channel error.
Exiting due to channel error.
Exiting due to channel error.
Exiting due to channel error.
Exiting due to channel error.
Exiting due to channel error.
Exiting due to channel error.
Exiting due to channel error.
